Unity Editor version:    2020.3.27f1 (e759542391ea)
Branch:                  2020.3/release
Build type:              Release
Batch mode:              YES
macOS version:           Version 11.7.10 (Build 20G1427)
Darwin version:          20.6.0
Architecture:            x86_64
Running under Rosetta:   NO
Available memory:        16384 MB
Using pre-set license
Pro License: NO

COMMAND LINE ARGUMENTS:
/var/folders/68/dhll_6rj6c734yg_fyxmdj000000gt/T/AppTranslocation/C9333599-CB26-4E5F-B2DF-910A90D81F91/d/Unity.app/Contents/MacOS/Unity
-adb2
-batchMode
-noUpm
-name
AssetImportWorker0
-projectPath
/Users/game1/Galaga
-logFile
Logs/AssetImportWorker0.log
-srvPort
61648
Successfully changed project path to: /Users/game1/Galaga
Could not lock editor preferences. Preferences updates for this instance of Unity will not be saved./Users/game1/Galaga
Using Asset Import Pipeline V2.
Error (Result too large) occured whilst enumerating /var/folders/68/dhll_6rj6c734yg_fyxmdj000000gt/T/AppTranslocation/C9333599-CB26-4E5F-B2DF-910A90D81F91
Refreshing native plugins compatible for Editor in 40.65 ms, found 3 plugins.
Preloading 0 native plugins for Editor in 0.00 ms.
Initialize engine version: 2020.3.27f1 (e759542391ea)
[Subsystems] Discovering subsystems at path /var/folders/68/dhll_6rj6c734yg_fyxmdj000000gt/T/AppTranslocation/C9333599-CB26-4E5F-B2DF-910A90D81F91/d/Unity.app/Contents/Resources/UnitySubsystems
[Subsystems] Discovering subsystems at path /Users/game1/Galaga/Assets
GfxDevice: creating device client; threaded=0
2024-01-10 08:52:40.113 Unity[64815:7181241] iMac preferred device: AMD Radeon Pro 5500 XT (high power)
2024-01-10 08:52:40.114 Unity[64815:7181241] Metal devices available: 1
2024-01-10 08:52:40.114 Unity[64815:7181241] 0: AMD Radeon Pro 5500 XT (high power)
2024-01-10 08:52:40.114 Unity[64815:7181241] Using device AMD Radeon Pro 5500 XT (high power)
Initializing Metal device caps: AMD Radeon Pro 5500 XT
Initialize mono
Mono path[0] = '/var/folders/68/dhll_6rj6c734yg_fyxmdj000000gt/T/AppTranslocation/C9333599-CB26-4E5F-B2DF-910A90D81F91/d/Unity.app/Contents/Managed'
Mono path[1] = '/var/folders/68/dhll_6rj6c734yg_fyxmdj000000gt/T/AppTranslocation/C9333599-CB26-4E5F-B2DF-910A90D81F91/d/Unity.app/Contents/MonoBleedingEdge/lib/mono/unityjit'
Mono config path = '/var/folders/68/dhll_6rj6c734yg_fyxmdj000000gt/T/AppTranslocation/C9333599-CB26-4E5F-B2DF-910A90D81F91/d/Unity.app/Contents/MonoBleedingEdge/etc'
Using monoOptions --debugger-agent=transport=dt_socket,embedding=1,server=y,suspend=n,address=127.0.0.1:56815
Begin MonoManager ReloadAssembly
Registering precompiled unity dll's ...
Register platform support module: /var/folders/68/dhll_6rj6c734yg_fyxmdj000000gt/T/AppTranslocation/C9333599-CB26-4E5F-B2DF-910A90D81F91/d/Unity.app/Contents/PlaybackEngines/MacStandaloneSupport/UnityEditor.OSXStandalone.Extensions.dll
Registered in 0.000648 seconds.
Native extension for OSXStandalone target not found
Refreshing native plugins compatible for Editor in 34.05 ms, found 3 plugins.
Preloading 0 native plugins for Editor in 0.00 ms.
Mono: successfully reloaded assembly
- Completed reload, in  0.572 seconds
Domain Reload Profiling:
	ReloadAssembly (572ms)
		BeginReloadAssembly (68ms)
			ExecutionOrderSort (0ms)
			DisableScriptedObjects (0ms)
			BackupInstance (0ms)
			ReleaseScriptingObjects (0ms)
			CreateAndSetChildDomain (1ms)
		EndReloadAssembly (437ms)
			LoadAssemblies (69ms)
			RebuildTransferFunctionScriptingTraits (0ms)
			SetupTypeCache (160ms)
			ReleaseScriptCaches (0ms)
			RebuildScriptCaches (33ms)
			SetupLoadedEditorAssemblies (166ms)
				LogAssemblyErrors (0ms)
				InitializePlatformSupportModulesInManaged (4ms)
				SetLoadedEditorAssemblies (0ms)
				RefreshPlugins (34ms)
				BeforeProcessingInitializeOnLoad (7ms)
				ProcessInitializeOnLoadAttributes (94ms)
				ProcessInitializeOnLoadMethodAttributes (27ms)
				AfterProcessingInitializeOnLoad (0ms)
				EditorAssembliesLoaded (0ms)
			ExecutionOrderSort2 (0ms)
			AwakeInstancesAfterBackupRestoration (0ms)
Platform modules already initialized, skipping
Registering precompiled user dll's ...
Registered in 0.003346 seconds.
Begin MonoManager ReloadAssembly
Native extension for OSXStandalone target not found
Refreshing native plugins compatible for Editor in 36.17 ms, found 3 plugins.
Preloading 0 native plugins for Editor in 0.00 ms.
Mono: successfully reloaded assembly
- Completed reload, in  1.103 seconds
Domain Reload Profiling:
	ReloadAssembly (1103ms)
		BeginReloadAssembly (142ms)
			ExecutionOrderSort (0ms)
			DisableScriptedObjects (6ms)
			BackupInstance (0ms)
			ReleaseScriptingObjects (0ms)
			CreateAndSetChildDomain (27ms)
		EndReloadAssembly (880ms)
			LoadAssemblies (73ms)
			RebuildTransferFunctionScriptingTraits (0ms)
			SetupTypeCache (323ms)
			ReleaseScriptCaches (0ms)
			RebuildScriptCaches (55ms)
			SetupLoadedEditorAssemblies (307ms)
				LogAssemblyErrors (0ms)
				InitializePlatformSupportModulesInManaged (3ms)
				SetLoadedEditorAssemblies (0ms)
				RefreshPlugins (36ms)
				BeforeProcessingInitializeOnLoad (54ms)
				ProcessInitializeOnLoadAttributes (197ms)
				ProcessInitializeOnLoadMethodAttributes (14ms)
				AfterProcessingInitializeOnLoad (2ms)
				EditorAssembliesLoaded (0ms)
			ExecutionOrderSort2 (0ms)
			AwakeInstancesAfterBackupRestoration (6ms)
Platform modules already initialized, skipping
Validating Project structure ... 0.000353 seconds.
Shader import version has changed; will reimport all shaders...
Upgrading shader files ...0.000384 seconds.
Application.AssetDatabase Initial Script Refresh Start
RefreshInfo: InitialScriptRefreshV2(NoUpdateAssetOptions) scanfilter:  ... 1 filters
RefreshProfiler: Total: 0.000ms
Application.AssetDatabase Initial Script Refresh End
Application.AssetDatabase.Refresh Start
Application.AssetDatabase.Refresh End
RefreshInfo: StopAssetImportingV2(ForceSynchronousImport) scanfilter: 
RefreshProfiler: Total: 0.000ms
Launching external process: /var/folders/68/dhll_6rj6c734yg_fyxmdj000000gt/T/AppTranslocation/C9333599-CB26-4E5F-B2DF-910A90D81F91/d/Unity.app/Contents/Tools/UnityShaderCompiler
Launched and connected shader compiler UnityShaderCompiler after 0.01 seconds
Initializing Unity extensions:
========================================================================
Worker process is ready to serve import requests
Refreshing native plugins compatible for Editor in 0.41 ms, found 3 plugins.
Preloading 0 native plugins for Editor in 0.00 ms.
Unloading 2201 Unused Serialized files (Serialized files now loaded: 0)
System memory in use before: 212.3 MB.
System memory in use after: 211.5 MB.

Unloading 107 unused Assets to reduce memory usage. Loaded Objects now: 2667.
Total: 2.964604 ms (FindLiveObjects: 0.202988 ms CreateObjectMapping: 0.111596 ms MarkObjects: 2.194880 ms  DeleteObjects: 0.453936 ms)

AssetImportParameters requested are different than current active one (requested -> active):
  custom:video-decoder-ogg-theora: a1e56fd34408186e4bbccfd4996cb3dc -> 
  custom:container-muxer-webm: aa71ff27fc2769a1b78a27578f13a17b -> 
  custom:container-demuxer-webm: 4f35f7cbe854078d1ac9338744f61a02 -> 
  custom:container-demuxer-ogg: 62fdf1f143b41e24485cea50d1cbac27 -> 
  custom:video-encoder-webm-vp8: eb34c28f22e8b96e1ab97ce403110664 -> 
  custom:framework-osx-AVFoundation: e770b220cccbd017edd2c1fefb359320 -> 
  custom:video-decoder-webm-vp8: 9c59270c3fd7afecdb556c50c9e8de78 -> 
  custom:audio-decoder-ogg-vorbis: bf7c407c2cedff20999df2af8eb42d56 -> 
  custom:audio-encoder-webm-vorbis: bf7c407c2cedff20999df2af8eb42d56 -> 
========================================================================
Received Import Request.
  path: Assets/Scripts/GalagaProjectile.cs
  artifactKey: Guid(4da7069756e7b4ed99d45d1b55499281) Importer(815301076,1909f56bfc062723c751e8b465ee728b)
Start importing Assets/Scripts/GalagaProjectile.cs using Guid(4da7069756e7b4ed99d45d1b55499281) Importer(815301076,1909f56bfc062723c751e8b465ee728b)  -> (artifact id: '590764b694aead2394dde3804b9109ec') in 0.315448 seconds 
  Import took 0.322732 seconds .

========================================================================
Received Import Request.
  Time since last request: 191.559655 seconds.
  path: Assets/Scripts/GalagaProjectile.cs
  artifactKey: Guid(4da7069756e7b4ed99d45d1b55499281) Importer(815301076,1909f56bfc062723c751e8b465ee728b)
Start importing Assets/Scripts/GalagaProjectile.cs using Guid(4da7069756e7b4ed99d45d1b55499281) Importer(815301076,1909f56bfc062723c751e8b465ee728b)  -> (artifact id: '6e6aad508983b0f7e644df4280f68bab') in 0.003269 seconds 
  Import took 0.006445 seconds .

========================================================================
Received Import Request.
  Time since last request: 287.991845 seconds.
  path: Packages/com.unity.2d.spriteshape/Editor/ObjectMenuCreation/DefaultAssets/Sprite Shapes/Closed Sprite Shape.prefab
  artifactKey: Guid(c0583b4e855c74b8c82e7b9b5efb5ce9) Importer(815301076,1909f56bfc062723c751e8b465ee728b)
Start importing Packages/com.unity.2d.spriteshape/Editor/ObjectMenuCreation/DefaultAssets/Sprite Shapes/Closed Sprite Shape.prefab using Guid(c0583b4e855c74b8c82e7b9b5efb5ce9) Importer(815301076,1909f56bfc062723c751e8b465ee728b)  -> (artifact id: '2d633a999cd0db5a929fdc6b8a7f437c') in 0.952236 seconds 
  Import took 0.958598 seconds .

========================================================================
Received Import Request.
  Time since last request: 0.000179 seconds.
  path: Packages/com.unity.2d.spriteshape/Editor/ObjectMenuCreation/DefaultAssets/Sprite Shapes/Open Sprite Shape.prefab
  artifactKey: Guid(86ae7de409eb54f619fb1328e4d42480) Importer(815301076,1909f56bfc062723c751e8b465ee728b)
Start importing Packages/com.unity.2d.spriteshape/Editor/ObjectMenuCreation/DefaultAssets/Sprite Shapes/Open Sprite Shape.prefab using Guid(86ae7de409eb54f619fb1328e4d42480) Importer(815301076,1909f56bfc062723c751e8b465ee728b)  -> (artifact id: 'c78a7b90d603d0a33c7b4e3280488626') in 0.008458 seconds 
  Import took 0.011959 seconds .

AssetImportWorkerClient::OnTransportError - code=2 error=End of file
